{"/Users/williamamouh/Documents/Projects/_cocrafter/sdk/src/base.ts": {"path":"/Users/williamamouh/Documents/Projects/_cocrafter/sdk/src/base.ts","statementMap":{"0":{"start":{"line":28,"column":8},"end":{"line":28,"column":37}},"1":{"start":{"line":33,"column":20},"end":{"line":33,"column":49}},"2":{"start":{"line":34,"column":25},"end":{"line":37,"column":9}},"3":{"start":{"line":39,"column":23},"end":{"line":39,"column":51}},"4":{"start":{"line":40,"column":8},"end":{"line":40,"column":60}},"5":{"start":{"line":40,"column":46},"end":{"line":40,"column":59}}},"fnMap":{"0":{"name":"(anonymous_0)","decl":{"start":{"line":27,"column":4},"end":{"line":27,"column":5}},"loc":{"start":{"line":27,"column":32},"end":{"line":29,"column":5}},"line":27},"1":{"name":"(anonymous_1)","decl":{"start":{"line":31,"column":4},"end":{"line":31,"column":5}},"loc":{"start":{"line":32,"column":4},"end":{"line":41,"column":5}},"line":32},"2":{"name":"(anonymous_2)","decl":{"start":{"line":40,"column":34},"end":{"line":40,"column":35}},"loc":{"start":{"line":40,"column":46},"end":{"line":40,"column":59}},"line":40}},"branchMap":{"0":{"loc":{"start":{"line":36,"column":28},"end":{"line":36,"column":59}},"type":"binary-expr","locations":[{"start":{"line":36,"column":28},"end":{"line":36,"column":39}},{"start":{"line":36,"column":43},"end":{"line":36,"column":59}}],"line":36}},"s":{"0":1,"1":5,"2":5,"3":5,"4":5,"5":5},"f":{"0":1,"1":5,"2":5},"b":{"0":[5,5]},"_coverageSchema":"1a1c01bbd47fc00a2c39e90264f33305004495a9","hash":"1573615b2f417ab7ec4714435fa8273abdc89c56"}
,"/Users/williamamouh/Documents/Projects/_cocrafter/sdk/src/index.ts": {"path":"/Users/williamamouh/Documents/Projects/_cocrafter/sdk/src/index.ts","statementMap":{"0":{"start":{"line":7,"column":0},"end":{"line":7,"column":35}}},"fnMap":{},"branchMap":{},"s":{"0":1},"f":{},"b":{},"_coverageSchema":"1a1c01bbd47fc00a2c39e90264f33305004495a9","hash":"d2677bc68d5bd2835226d4651cb6ee5b1d5699a7"}
,"/Users/williamamouh/Documents/Projects/_cocrafter/sdk/src/utils.ts": {"path":"/Users/williamamouh/Documents/Projects/_cocrafter/sdk/src/utils.ts","statementMap":{"0":{"start":{"line":2,"column":4},"end":{"line":10,"column":7}},"1":{"start":{"line":3,"column":6},"end":{"line":9,"column":9}},"2":{"start":{"line":4,"column":8},"end":{"line":8,"column":10}}},"fnMap":{"0":{"name":"applyMixins","decl":{"start":{"line":1,"column":16},"end":{"line":1,"column":27}},"loc":{"start":{"line":1,"column":64},"end":{"line":11,"column":1}},"line":1},"1":{"name":"(anonymous_1)","decl":{"start":{"line":2,"column":22},"end":{"line":2,"column":23}},"loc":{"start":{"line":2,"column":34},"end":{"line":10,"column":5}},"line":2},"2":{"name":"(anonymous_2)","decl":{"start":{"line":3,"column":61},"end":{"line":3,"column":62}},"loc":{"start":{"line":3,"column":69},"end":{"line":9,"column":7}},"line":3}},"branchMap":{"0":{"loc":{"start":{"line":7,"column":10},"end":{"line":7,"column":90}},"type":"binary-expr","locations":[{"start":{"line":7,"column":10},"end":{"line":7,"column":67}},{"start":{"line":7,"column":71},"end":{"line":7,"column":90}}],"line":7}},"s":{"0":1,"1":1,"2":6},"f":{"0":1,"1":1,"2":6},"b":{"0":[6,0]},"_coverageSchema":"1a1c01bbd47fc00a2c39e90264f33305004495a9","hash":"3b8d3777de8b81410e2e45731e70bef1b4190755"}
,"/Users/williamamouh/Documents/Projects/_cocrafter/sdk/src/companyData/index.ts": {"path":"/Users/williamamouh/Documents/Projects/_cocrafter/sdk/src/companyData/index.ts","statementMap":{"0":{"start":{"line":16,"column":8},"end":{"line":20,"column":10}},"1":{"start":{"line":32,"column":8},"end":{"line":32,"column":87}},"2":{"start":{"line":48,"column":8},"end":{"line":51,"column":10}},"3":{"start":{"line":65,"column":8},"end":{"line":69,"column":10}},"4":{"start":{"line":81,"column":8},"end":{"line":84,"column":10}}},"fnMap":{"0":{"name":"(anonymous_0)","decl":{"start":{"line":14,"column":4},"end":{"line":14,"column":5}},"loc":{"start":{"line":15,"column":4},"end":{"line":21,"column":5}},"line":15},"1":{"name":"(anonymous_1)","decl":{"start":{"line":30,"column":4},"end":{"line":30,"column":5}},"loc":{"start":{"line":31,"column":4},"end":{"line":33,"column":5}},"line":31},"2":{"name":"(anonymous_2)","decl":{"start":{"line":46,"column":4},"end":{"line":46,"column":5}},"loc":{"start":{"line":47,"column":4},"end":{"line":52,"column":5}},"line":47},"3":{"name":"(anonymous_3)","decl":{"start":{"line":63,"column":4},"end":{"line":63,"column":5}},"loc":{"start":{"line":64,"column":4},"end":{"line":70,"column":5}},"line":64},"4":{"name":"(anonymous_4)","decl":{"start":{"line":79,"column":4},"end":{"line":79,"column":5}},"loc":{"start":{"line":80,"column":4},"end":{"line":85,"column":5}},"line":80}},"branchMap":{},"s":{"0":1,"1":1,"2":1,"3":1,"4":1},"f":{"0":1,"1":1,"2":1,"3":1,"4":1},"b":{},"_coverageSchema":"1a1c01bbd47fc00a2c39e90264f33305004495a9","hash":"ec70ee963733d84de30353fa82f37fb788fb1f5c"}
,"/Users/williamamouh/Documents/Projects/_cocrafter/sdk/src/companyData/types.ts": {"path":"/Users/williamamouh/Documents/Projects/_cocrafter/sdk/src/companyData/types.ts","statementMap":{},"fnMap":{},"branchMap":{},"s":{},"f":{},"b":{},"_coverageSchema":"1a1c01bbd47fc00a2c39e90264f33305004495a9","hash":"4d386990d0c3d323d7503b0d9fe531a4c7d1bbb4"}
}
